CRITICAL - 2024-12-20 05:13:39 --> CodeIgniter\HTTP\Exceptions\BadRequestException: The URI you submitted has disallowed characters: "1734607213_99931e6a93346260fbf1.png,1734607213_fb504cfcd4cdddaca00b.png,1734607213_1dacc31ce5aaa707910b.png,1734607213_7913366ca7d2575c8a49.png"
[Method: GET, Route: 1734607213_99931e6a93346260fbf1.png,1734607213_fb504cfcd4cdddaca00b.png,1734607213_1dacc31ce5aaa707910b.png,1734607213_7913366ca7d2575c8a49.png]
in SYSTEMPATH\Router\Router.php on line 737.
 1 SYSTEMPATH\Router\Router.php(204): CodeIgniter\Router\Router->checkDisallowedChars('1734607213_99931e6a93346260fbf1.png,1734607213_fb504cfcd4cdddaca00b.png,1734607213_1dacc31ce5aaa707910b.png,1734607213_7913366ca7d2575c8a49.png')
 2 SYSTEMPATH\CodeIgniter.php(834): CodeIgniter\Router\Router->handle('1734607213_99931e6a93346260fbf1.png,1734607213_fb504cfcd4cdddaca00b.png,1734607213_1dacc31ce5aaa707910b.png,1734607213_7913366ca7d2575c8a49.png')
 3 SYSTEMPATH\CodeIgniter.php(457): CodeIgniter\CodeIgniter->tryToRouteIt(Object(CodeIgniter\Router\RouteCollection))
 4 SYSTEMPATH\CodeIgniter.php(355): CodeIgniter\CodeIgniter->handleRequest(null, Object(Config\Cache), false)
 5 SYSTEMPATH\Boot.php(325): CodeIgniter\CodeIgniter->run()
 6 SYSTEMPATH\Boot.php(67): CodeIgniter\Boot::runCodeIgniter(Object(CodeIgniter\CodeIgniter))
 7 FCPATH\index.php(56): CodeIgniter\Boot::bootWeb(Object(Config\Paths))
CRITICAL - 2024-12-20 05:13:56 --> CodeIgniter\HTTP\Exceptions\BadRequestException: The URI you submitted has disallowed characters: "1734607213_99931e6a93346260fbf1.png,1734607213_fb504cfcd4cdddaca00b.png,1734607213_1dacc31ce5aaa707910b.png,1734607213_7913366ca7d2575c8a49.png"
[Method: GET, Route: 1734607213_99931e6a93346260fbf1.png,1734607213_fb504cfcd4cdddaca00b.png,1734607213_1dacc31ce5aaa707910b.png,1734607213_7913366ca7d2575c8a49.png]
in SYSTEMPATH\Router\Router.php on line 737.
 1 SYSTEMPATH\Router\Router.php(204): CodeIgniter\Router\Router->checkDisallowedChars('1734607213_99931e6a93346260fbf1.png,1734607213_fb504cfcd4cdddaca00b.png,1734607213_1dacc31ce5aaa707910b.png,1734607213_7913366ca7d2575c8a49.png')
 2 SYSTEMPATH\CodeIgniter.php(834): CodeIgniter\Router\Router->handle('1734607213_99931e6a93346260fbf1.png,1734607213_fb504cfcd4cdddaca00b.png,1734607213_1dacc31ce5aaa707910b.png,1734607213_7913366ca7d2575c8a49.png')
 3 SYSTEMPATH\CodeIgniter.php(457): CodeIgniter\CodeIgniter->tryToRouteIt(Object(CodeIgniter\Router\RouteCollection))
 4 SYSTEMPATH\CodeIgniter.php(355): CodeIgniter\CodeIgniter->handleRequest(null, Object(Config\Cache), false)
 5 SYSTEMPATH\Boot.php(325): CodeIgniter\CodeIgniter->run()
 6 SYSTEMPATH\Boot.php(67): CodeIgniter\Boot::runCodeIgniter(Object(CodeIgniter\CodeIgniter))
 7 FCPATH\index.php(56): CodeIgniter\Boot::bootWeb(Object(Config\Paths))
CRITICAL - 2024-12-20 05:15:05 --> CodeIgniter\HTTP\Exceptions\BadRequestException: The URI you submitted has disallowed characters: "1734607213_99931e6a93346260fbf1.png,1734607213_fb504cfcd4cdddaca00b.png,1734607213_1dacc31ce5aaa707910b.png,1734607213_7913366ca7d2575c8a49.png"
[Method: GET, Route: 1734607213_99931e6a93346260fbf1.png,1734607213_fb504cfcd4cdddaca00b.png,1734607213_1dacc31ce5aaa707910b.png,1734607213_7913366ca7d2575c8a49.png]
in SYSTEMPATH\Router\Router.php on line 737.
 1 SYSTEMPATH\Router\Router.php(204): CodeIgniter\Router\Router->checkDisallowedChars('1734607213_99931e6a93346260fbf1.png,1734607213_fb504cfcd4cdddaca00b.png,1734607213_1dacc31ce5aaa707910b.png,1734607213_7913366ca7d2575c8a49.png')
 2 SYSTEMPATH\CodeIgniter.php(834): CodeIgniter\Router\Router->handle('1734607213_99931e6a93346260fbf1.png,1734607213_fb504cfcd4cdddaca00b.png,1734607213_1dacc31ce5aaa707910b.png,1734607213_7913366ca7d2575c8a49.png')
 3 SYSTEMPATH\CodeIgniter.php(457): CodeIgniter\CodeIgniter->tryToRouteIt(Object(CodeIgniter\Router\RouteCollection))
 4 SYSTEMPATH\CodeIgniter.php(355): CodeIgniter\CodeIgniter->handleRequest(null, Object(Config\Cache), false)
 5 SYSTEMPATH\Boot.php(325): CodeIgniter\CodeIgniter->run()
 6 SYSTEMPATH\Boot.php(67): CodeIgniter\Boot::runCodeIgniter(Object(CodeIgniter\CodeIgniter))
 7 FCPATH\index.php(56): CodeIgniter\Boot::bootWeb(Object(Config\Paths))
CRITICAL - 2024-12-20 05:16:43 --> CodeIgniter\HTTP\Exceptions\BadRequestException: The URI you submitted has disallowed characters: "1734607213_99931e6a93346260fbf1.png,1734607213_fb504cfcd4cdddaca00b.png,1734607213_1dacc31ce5aaa707910b.png,1734607213_7913366ca7d2575c8a49.png"
[Method: GET, Route: 1734607213_99931e6a93346260fbf1.png,1734607213_fb504cfcd4cdddaca00b.png,1734607213_1dacc31ce5aaa707910b.png,1734607213_7913366ca7d2575c8a49.png]
in SYSTEMPATH\Router\Router.php on line 737.
 1 SYSTEMPATH\Router\Router.php(204): CodeIgniter\Router\Router->checkDisallowedChars('1734607213_99931e6a93346260fbf1.png,1734607213_fb504cfcd4cdddaca00b.png,1734607213_1dacc31ce5aaa707910b.png,1734607213_7913366ca7d2575c8a49.png')
 2 SYSTEMPATH\CodeIgniter.php(834): CodeIgniter\Router\Router->handle('1734607213_99931e6a93346260fbf1.png,1734607213_fb504cfcd4cdddaca00b.png,1734607213_1dacc31ce5aaa707910b.png,1734607213_7913366ca7d2575c8a49.png')
 3 SYSTEMPATH\CodeIgniter.php(457): CodeIgniter\CodeIgniter->tryToRouteIt(Object(CodeIgniter\Router\RouteCollection))
 4 SYSTEMPATH\CodeIgniter.php(355): CodeIgniter\CodeIgniter->handleRequest(null, Object(Config\Cache), false)
 5 SYSTEMPATH\Boot.php(325): CodeIgniter\CodeIgniter->run()
 6 SYSTEMPATH\Boot.php(67): CodeIgniter\Boot::runCodeIgniter(Object(CodeIgniter\CodeIgniter))
 7 FCPATH\index.php(56): CodeIgniter\Boot::bootWeb(Object(Config\Paths))
CRITICAL - 2024-12-20 05:17:10 --> CodeIgniter\HTTP\Exceptions\BadRequestException: The URI you submitted has disallowed characters: "1734607213_99931e6a93346260fbf1.png,1734607213_fb504cfcd4cdddaca00b.png,1734607213_1dacc31ce5aaa707910b.png,1734607213_7913366ca7d2575c8a49.png"
[Method: GET, Route: 1734607213_99931e6a93346260fbf1.png,1734607213_fb504cfcd4cdddaca00b.png,1734607213_1dacc31ce5aaa707910b.png,1734607213_7913366ca7d2575c8a49.png]
in SYSTEMPATH\Router\Router.php on line 737.
 1 SYSTEMPATH\Router\Router.php(204): CodeIgniter\Router\Router->checkDisallowedChars('1734607213_99931e6a93346260fbf1.png,1734607213_fb504cfcd4cdddaca00b.png,1734607213_1dacc31ce5aaa707910b.png,1734607213_7913366ca7d2575c8a49.png')
 2 SYSTEMPATH\CodeIgniter.php(834): CodeIgniter\Router\Router->handle('1734607213_99931e6a93346260fbf1.png,1734607213_fb504cfcd4cdddaca00b.png,1734607213_1dacc31ce5aaa707910b.png,1734607213_7913366ca7d2575c8a49.png')
 3 SYSTEMPATH\CodeIgniter.php(457): CodeIgniter\CodeIgniter->tryToRouteIt(Object(CodeIgniter\Router\RouteCollection))
 4 SYSTEMPATH\CodeIgniter.php(355): CodeIgniter\CodeIgniter->handleRequest(null, Object(Config\Cache), false)
 5 SYSTEMPATH\Boot.php(325): CodeIgniter\CodeIgniter->run()
 6 SYSTEMPATH\Boot.php(67): CodeIgniter\Boot::runCodeIgniter(Object(CodeIgniter\CodeIgniter))
 7 FCPATH\index.php(56): CodeIgniter\Boot::bootWeb(Object(Config\Paths))
CRITICAL - 2024-12-20 05:17:14 --> CodeIgniter\HTTP\Exceptions\BadRequestException: The URI you submitted has disallowed characters: "1734607213_99931e6a93346260fbf1.png,1734607213_fb504cfcd4cdddaca00b.png,1734607213_1dacc31ce5aaa707910b.png,1734607213_7913366ca7d2575c8a49.png"
[Method: GET, Route: 1734607213_99931e6a93346260fbf1.png,1734607213_fb504cfcd4cdddaca00b.png,1734607213_1dacc31ce5aaa707910b.png,1734607213_7913366ca7d2575c8a49.png]
in SYSTEMPATH\Router\Router.php on line 737.
 1 SYSTEMPATH\Router\Router.php(204): CodeIgniter\Router\Router->checkDisallowedChars('1734607213_99931e6a93346260fbf1.png,1734607213_fb504cfcd4cdddaca00b.png,1734607213_1dacc31ce5aaa707910b.png,1734607213_7913366ca7d2575c8a49.png')
 2 SYSTEMPATH\CodeIgniter.php(834): CodeIgniter\Router\Router->handle('1734607213_99931e6a93346260fbf1.png,1734607213_fb504cfcd4cdddaca00b.png,1734607213_1dacc31ce5aaa707910b.png,1734607213_7913366ca7d2575c8a49.png')
 3 SYSTEMPATH\CodeIgniter.php(457): CodeIgniter\CodeIgniter->tryToRouteIt(Object(CodeIgniter\Router\RouteCollection))
 4 SYSTEMPATH\CodeIgniter.php(355): CodeIgniter\CodeIgniter->handleRequest(null, Object(Config\Cache), false)
 5 SYSTEMPATH\Boot.php(325): CodeIgniter\CodeIgniter->run()
 6 SYSTEMPATH\Boot.php(67): CodeIgniter\Boot::runCodeIgniter(Object(CodeIgniter\CodeIgniter))
 7 FCPATH\index.php(56): CodeIgniter\Boot::bootWeb(Object(Config\Paths))
CRITICAL - 2024-12-20 05:25:16 --> CodeIgniter\HTTP\Exceptions\BadRequestException: The URI you submitted has disallowed characters: "1734607213_99931e6a93346260fbf1.png,1734607213_fb504cfcd4cdddaca00b.png,1734607213_1dacc31ce5aaa707910b.png,1734607213_7913366ca7d2575c8a49.png"
[Method: GET, Route: 1734607213_99931e6a93346260fbf1.png,1734607213_fb504cfcd4cdddaca00b.png,1734607213_1dacc31ce5aaa707910b.png,1734607213_7913366ca7d2575c8a49.png]
in SYSTEMPATH\Router\Router.php on line 737.
 1 SYSTEMPATH\Router\Router.php(204): CodeIgniter\Router\Router->checkDisallowedChars('1734607213_99931e6a93346260fbf1.png,1734607213_fb504cfcd4cdddaca00b.png,1734607213_1dacc31ce5aaa707910b.png,1734607213_7913366ca7d2575c8a49.png')
 2 SYSTEMPATH\CodeIgniter.php(834): CodeIgniter\Router\Router->handle('1734607213_99931e6a93346260fbf1.png,1734607213_fb504cfcd4cdddaca00b.png,1734607213_1dacc31ce5aaa707910b.png,1734607213_7913366ca7d2575c8a49.png')
 3 SYSTEMPATH\CodeIgniter.php(457): CodeIgniter\CodeIgniter->tryToRouteIt(Object(CodeIgniter\Router\RouteCollection))
 4 SYSTEMPATH\CodeIgniter.php(355): CodeIgniter\CodeIgniter->handleRequest(null, Object(Config\Cache), false)
 5 SYSTEMPATH\Boot.php(325): CodeIgniter\CodeIgniter->run()
 6 SYSTEMPATH\Boot.php(67): CodeIgniter\Boot::runCodeIgniter(Object(CodeIgniter\CodeIgniter))
 7 FCPATH\index.php(56): CodeIgniter\Boot::bootWeb(Object(Config\Paths))
CRITICAL - 2024-12-20 05:26:43 --> CodeIgniter\HTTP\Exceptions\BadRequestException: The URI you submitted has disallowed characters: "1734607213_99931e6a93346260fbf1.png,1734607213_fb504cfcd4cdddaca00b.png,1734607213_1dacc31ce5aaa707910b.png,1734607213_7913366ca7d2575c8a49.png"
[Method: GET, Route: 1734607213_99931e6a93346260fbf1.png,1734607213_fb504cfcd4cdddaca00b.png,1734607213_1dacc31ce5aaa707910b.png,1734607213_7913366ca7d2575c8a49.png]
in SYSTEMPATH\Router\Router.php on line 737.
 1 SYSTEMPATH\Router\Router.php(204): CodeIgniter\Router\Router->checkDisallowedChars('1734607213_99931e6a93346260fbf1.png,1734607213_fb504cfcd4cdddaca00b.png,1734607213_1dacc31ce5aaa707910b.png,1734607213_7913366ca7d2575c8a49.png')
 2 SYSTEMPATH\CodeIgniter.php(834): CodeIgniter\Router\Router->handle('1734607213_99931e6a93346260fbf1.png,1734607213_fb504cfcd4cdddaca00b.png,1734607213_1dacc31ce5aaa707910b.png,1734607213_7913366ca7d2575c8a49.png')
 3 SYSTEMPATH\CodeIgniter.php(457): CodeIgniter\CodeIgniter->tryToRouteIt(Object(CodeIgniter\Router\RouteCollection))
 4 SYSTEMPATH\CodeIgniter.php(355): CodeIgniter\CodeIgniter->handleRequest(null, Object(Config\Cache), false)
 5 SYSTEMPATH\Boot.php(325): CodeIgniter\CodeIgniter->run()
 6 SYSTEMPATH\Boot.php(67): CodeIgniter\Boot::runCodeIgniter(Object(CodeIgniter\CodeIgniter))
 7 FCPATH\index.php(56): CodeIgniter\Boot::bootWeb(Object(Config\Paths))
CRITICAL - 2024-12-20 06:46:25 --> CodeIgniter\HTTP\Exceptions\BadRequestException: The URI you submitted has disallowed characters: "1734607213_99931e6a93346260fbf1.png,1734607213_fb504cfcd4cdddaca00b.png,1734607213_1dacc31ce5aaa707910b.png,1734607213_7913366ca7d2575c8a49.png"
[Method: GET, Route: 1734607213_99931e6a93346260fbf1.png,1734607213_fb504cfcd4cdddaca00b.png,1734607213_1dacc31ce5aaa707910b.png,1734607213_7913366ca7d2575c8a49.png]
in SYSTEMPATH\Router\Router.php on line 737.
 1 SYSTEMPATH\Router\Router.php(204): CodeIgniter\Router\Router->checkDisallowedChars('1734607213_99931e6a93346260fbf1.png,1734607213_fb504cfcd4cdddaca00b.png,1734607213_1dacc31ce5aaa707910b.png,1734607213_7913366ca7d2575c8a49.png')
 2 SYSTEMPATH\CodeIgniter.php(834): CodeIgniter\Router\Router->handle('1734607213_99931e6a93346260fbf1.png,1734607213_fb504cfcd4cdddaca00b.png,1734607213_1dacc31ce5aaa707910b.png,1734607213_7913366ca7d2575c8a49.png')
 3 SYSTEMPATH\CodeIgniter.php(457): CodeIgniter\CodeIgniter->tryToRouteIt(Object(CodeIgniter\Router\RouteCollection))
 4 SYSTEMPATH\CodeIgniter.php(355): CodeIgniter\CodeIgniter->handleRequest(null, Object(Config\Cache), false)
 5 SYSTEMPATH\Boot.php(325): CodeIgniter\CodeIgniter->run()
 6 SYSTEMPATH\Boot.php(67): CodeIgniter\Boot::runCodeIgniter(Object(CodeIgniter\CodeIgniter))
 7 FCPATH\index.php(56): CodeIgniter\Boot::bootWeb(Object(Config\Paths))
CRITICAL - 2024-12-20 06:48:25 --> ErrorException: Undefined array key " "
[Method: GET, Route: product/ftuk]
in APPPATH\Views\files\productdetail.php on line 39.
 1 APPPATH\Views\files\productdetail.php(39): CodeIgniter\Debug\Exceptions->errorHandler(2, 'Undefined array key " "', 'D:\\xampp\\htdocs\\dynamichumnafas\\app\\Views\\files\\productdetail.php', 39)
 2 SYSTEMPATH\View\View.php(234): include('D:\\xampp\\htdocs\\dynamichumnafas\\app\\Views\\files\\productdetail.php')
 3 SYSTEMPATH\View\View.php(237): CodeIgniter\View\View->CodeIgniter\View\{closure}()
 4 SYSTEMPATH\Common.php(1171): CodeIgniter\View\View->render('files/productdetail', [], true)
 5 APPPATH\Controllers\Productcontroller.php(683): view('files/productdetail', [...])
 6 SYSTEMPATH\CodeIgniter.php(933): App\Controllers\Productcontroller->productdetail('ftuk')
 7 SYSTEMPATH\CodeIgniter.php(509): CodeIgniter\CodeIgniter->runController(Object(App\Controllers\Productcontroller))
 8 SYSTEMPATH\CodeIgniter.php(355): CodeIgniter\CodeIgniter->handleRequest(null, Object(Config\Cache), false)
 9 SYSTEMPATH\Boot.php(325): CodeIgniter\CodeIgniter->run()
10 SYSTEMPATH\Boot.php(67): CodeIgniter\Boot::runCodeIgniter(Object(CodeIgniter\CodeIgniter))
11 FCPATH\index.php(56): CodeIgniter\Boot::bootWeb(Object(Config\Paths))
CRITICAL - 2024-12-20 07:03:56 --> CodeIgniter\HTTP\Exceptions\BadRequestException: The URI you submitted has disallowed characters: "1734607213_99931e6a93346260fbf1.png,1734607213_fb504cfcd4cdddaca00b.png,1734607213_1dacc31ce5aaa707910b.png,1734607213_7913366ca7d2575c8a49.png"
[Method: GET, Route: 1734607213_99931e6a93346260fbf1.png,1734607213_fb504cfcd4cdddaca00b.png,1734607213_1dacc31ce5aaa707910b.png,1734607213_7913366ca7d2575c8a49.png]
in SYSTEMPATH\Router\Router.php on line 737.
 1 SYSTEMPATH\Router\Router.php(204): CodeIgniter\Router\Router->checkDisallowedChars('1734607213_99931e6a93346260fbf1.png,1734607213_fb504cfcd4cdddaca00b.png,1734607213_1dacc31ce5aaa707910b.png,1734607213_7913366ca7d2575c8a49.png')
 2 SYSTEMPATH\CodeIgniter.php(834): CodeIgniter\Router\Router->handle('1734607213_99931e6a93346260fbf1.png,1734607213_fb504cfcd4cdddaca00b.png,1734607213_1dacc31ce5aaa707910b.png,1734607213_7913366ca7d2575c8a49.png')
 3 SYSTEMPATH\CodeIgniter.php(457): CodeIgniter\CodeIgniter->tryToRouteIt(Object(CodeIgniter\Router\RouteCollection))
 4 SYSTEMPATH\CodeIgniter.php(355): CodeIgniter\CodeIgniter->handleRequest(null, Object(Config\Cache), false)
 5 SYSTEMPATH\Boot.php(325): CodeIgniter\CodeIgniter->run()
 6 SYSTEMPATH\Boot.php(67): CodeIgniter\Boot::runCodeIgniter(Object(CodeIgniter\CodeIgniter))
 7 FCPATH\index.php(56): CodeIgniter\Boot::bootWeb(Object(Config\Paths))
CRITICAL - 2024-12-20 07:27:04 --> CodeIgniter\HTTP\Exceptions\BadRequestException: The URI you submitted has disallowed characters: "1734607213_99931e6a93346260fbf1.png,1734607213_fb504cfcd4cdddaca00b.png,1734607213_1dacc31ce5aaa707910b.png,1734607213_7913366ca7d2575c8a49.png"
[Method: GET, Route: 1734607213_99931e6a93346260fbf1.png,1734607213_fb504cfcd4cdddaca00b.png,1734607213_1dacc31ce5aaa707910b.png,1734607213_7913366ca7d2575c8a49.png]
in SYSTEMPATH\Router\Router.php on line 737.
 1 SYSTEMPATH\Router\Router.php(204): CodeIgniter\Router\Router->checkDisallowedChars('1734607213_99931e6a93346260fbf1.png,1734607213_fb504cfcd4cdddaca00b.png,1734607213_1dacc31ce5aaa707910b.png,1734607213_7913366ca7d2575c8a49.png')
 2 SYSTEMPATH\CodeIgniter.php(834): CodeIgniter\Router\Router->handle('1734607213_99931e6a93346260fbf1.png,1734607213_fb504cfcd4cdddaca00b.png,1734607213_1dacc31ce5aaa707910b.png,1734607213_7913366ca7d2575c8a49.png')
 3 SYSTEMPATH\CodeIgniter.php(457): CodeIgniter\CodeIgniter->tryToRouteIt(Object(CodeIgniter\Router\RouteCollection))
 4 SYSTEMPATH\CodeIgniter.php(355): CodeIgniter\CodeIgniter->handleRequest(null, Object(Config\Cache), false)
 5 SYSTEMPATH\Boot.php(325): CodeIgniter\CodeIgniter->run()
 6 SYSTEMPATH\Boot.php(67): CodeIgniter\Boot::runCodeIgniter(Object(CodeIgniter\CodeIgniter))
 7 FCPATH\index.php(56): CodeIgniter\Boot::bootWeb(Object(Config\Paths))
CRITICAL - 2024-12-20 07:27:12 --> CodeIgniter\HTTP\Exceptions\BadRequestException: The URI you submitted has disallowed characters: "1734607213_99931e6a93346260fbf1.png,1734607213_fb504cfcd4cdddaca00b.png,1734607213_1dacc31ce5aaa707910b.png,1734607213_7913366ca7d2575c8a49.png"
[Method: GET, Route: 1734607213_99931e6a93346260fbf1.png,1734607213_fb504cfcd4cdddaca00b.png,1734607213_1dacc31ce5aaa707910b.png,1734607213_7913366ca7d2575c8a49.png]
in SYSTEMPATH\Router\Router.php on line 737.
 1 SYSTEMPATH\Router\Router.php(204): CodeIgniter\Router\Router->checkDisallowedChars('1734607213_99931e6a93346260fbf1.png,1734607213_fb504cfcd4cdddaca00b.png,1734607213_1dacc31ce5aaa707910b.png,1734607213_7913366ca7d2575c8a49.png')
 2 SYSTEMPATH\CodeIgniter.php(834): CodeIgniter\Router\Router->handle('1734607213_99931e6a93346260fbf1.png,1734607213_fb504cfcd4cdddaca00b.png,1734607213_1dacc31ce5aaa707910b.png,1734607213_7913366ca7d2575c8a49.png')
 3 SYSTEMPATH\CodeIgniter.php(457): CodeIgniter\CodeIgniter->tryToRouteIt(Object(CodeIgniter\Router\RouteCollection))
 4 SYSTEMPATH\CodeIgniter.php(355): CodeIgniter\CodeIgniter->handleRequest(null, Object(Config\Cache), false)
 5 SYSTEMPATH\Boot.php(325): CodeIgniter\CodeIgniter->run()
 6 SYSTEMPATH\Boot.php(67): CodeIgniter\Boot::runCodeIgniter(Object(CodeIgniter\CodeIgniter))
 7 FCPATH\index.php(56): CodeIgniter\Boot::bootWeb(Object(Config\Paths))
CRITICAL - 2024-12-20 07:27:38 --> CodeIgniter\HTTP\Exceptions\BadRequestException: The URI you submitted has disallowed characters: "1734607213_99931e6a93346260fbf1.png,1734607213_fb504cfcd4cdddaca00b.png,1734607213_1dacc31ce5aaa707910b.png,1734607213_7913366ca7d2575c8a49.png"
[Method: GET, Route: 1734607213_99931e6a93346260fbf1.png,1734607213_fb504cfcd4cdddaca00b.png,1734607213_1dacc31ce5aaa707910b.png,1734607213_7913366ca7d2575c8a49.png]
in SYSTEMPATH\Router\Router.php on line 737.
 1 SYSTEMPATH\Router\Router.php(204): CodeIgniter\Router\Router->checkDisallowedChars('1734607213_99931e6a93346260fbf1.png,1734607213_fb504cfcd4cdddaca00b.png,1734607213_1dacc31ce5aaa707910b.png,1734607213_7913366ca7d2575c8a49.png')
 2 SYSTEMPATH\CodeIgniter.php(834): CodeIgniter\Router\Router->handle('1734607213_99931e6a93346260fbf1.png,1734607213_fb504cfcd4cdddaca00b.png,1734607213_1dacc31ce5aaa707910b.png,1734607213_7913366ca7d2575c8a49.png')
 3 SYSTEMPATH\CodeIgniter.php(457): CodeIgniter\CodeIgniter->tryToRouteIt(Object(CodeIgniter\Router\RouteCollection))
 4 SYSTEMPATH\CodeIgniter.php(355): CodeIgniter\CodeIgniter->handleRequest(null, Object(Config\Cache), false)
 5 SYSTEMPATH\Boot.php(325): CodeIgniter\CodeIgniter->run()
 6 SYSTEMPATH\Boot.php(67): CodeIgniter\Boot::runCodeIgniter(Object(CodeIgniter\CodeIgniter))
 7 FCPATH\index.php(56): CodeIgniter\Boot::bootWeb(Object(Config\Paths))
CRITICAL - 2024-12-20 07:28:14 --> CodeIgniter\HTTP\Exceptions\BadRequestException: The URI you submitted has disallowed characters: "1734607213_99931e6a93346260fbf1.png,1734607213_fb504cfcd4cdddaca00b.png,1734607213_1dacc31ce5aaa707910b.png,1734607213_7913366ca7d2575c8a49.png"
[Method: GET, Route: 1734607213_99931e6a93346260fbf1.png,1734607213_fb504cfcd4cdddaca00b.png,1734607213_1dacc31ce5aaa707910b.png,1734607213_7913366ca7d2575c8a49.png]
in SYSTEMPATH\Router\Router.php on line 737.
 1 SYSTEMPATH\Router\Router.php(204): CodeIgniter\Router\Router->checkDisallowedChars('1734607213_99931e6a93346260fbf1.png,1734607213_fb504cfcd4cdddaca00b.png,1734607213_1dacc31ce5aaa707910b.png,1734607213_7913366ca7d2575c8a49.png')
 2 SYSTEMPATH\CodeIgniter.php(834): CodeIgniter\Router\Router->handle('1734607213_99931e6a93346260fbf1.png,1734607213_fb504cfcd4cdddaca00b.png,1734607213_1dacc31ce5aaa707910b.png,1734607213_7913366ca7d2575c8a49.png')
 3 SYSTEMPATH\CodeIgniter.php(457): CodeIgniter\CodeIgniter->tryToRouteIt(Object(CodeIgniter\Router\RouteCollection))
 4 SYSTEMPATH\CodeIgniter.php(355): CodeIgniter\CodeIgniter->handleRequest(null, Object(Config\Cache), false)
 5 SYSTEMPATH\Boot.php(325): CodeIgniter\CodeIgniter->run()
 6 SYSTEMPATH\Boot.php(67): CodeIgniter\Boot::runCodeIgniter(Object(CodeIgniter\CodeIgniter))
 7 FCPATH\index.php(56): CodeIgniter\Boot::bootWeb(Object(Config\Paths))
CRITICAL - 2024-12-20 07:28:29 --> CodeIgniter\HTTP\Exceptions\BadRequestException: The URI you submitted has disallowed characters: "1734607213_99931e6a93346260fbf1.png,1734607213_fb504cfcd4cdddaca00b.png,1734607213_1dacc31ce5aaa707910b.png,1734607213_7913366ca7d2575c8a49.png"
[Method: GET, Route: 1734607213_99931e6a93346260fbf1.png,1734607213_fb504cfcd4cdddaca00b.png,1734607213_1dacc31ce5aaa707910b.png,1734607213_7913366ca7d2575c8a49.png]
in SYSTEMPATH\Router\Router.php on line 737.
 1 SYSTEMPATH\Router\Router.php(204): CodeIgniter\Router\Router->checkDisallowedChars('1734607213_99931e6a93346260fbf1.png,1734607213_fb504cfcd4cdddaca00b.png,1734607213_1dacc31ce5aaa707910b.png,1734607213_7913366ca7d2575c8a49.png')
 2 SYSTEMPATH\CodeIgniter.php(834): CodeIgniter\Router\Router->handle('1734607213_99931e6a93346260fbf1.png,1734607213_fb504cfcd4cdddaca00b.png,1734607213_1dacc31ce5aaa707910b.png,1734607213_7913366ca7d2575c8a49.png')
 3 SYSTEMPATH\CodeIgniter.php(457): CodeIgniter\CodeIgniter->tryToRouteIt(Object(CodeIgniter\Router\RouteCollection))
 4 SYSTEMPATH\CodeIgniter.php(355): CodeIgniter\CodeIgniter->handleRequest(null, Object(Config\Cache), false)
 5 SYSTEMPATH\Boot.php(325): CodeIgniter\CodeIgniter->run()
 6 SYSTEMPATH\Boot.php(67): CodeIgniter\Boot::runCodeIgniter(Object(CodeIgniter\CodeIgniter))
 7 FCPATH\index.php(56): CodeIgniter\Boot::bootWeb(Object(Config\Paths))
CRITICAL - 2024-12-20 07:29:24 --> CodeIgniter\HTTP\Exceptions\BadRequestException: The URI you submitted has disallowed characters: "1734607213_99931e6a93346260fbf1.png,1734607213_fb504cfcd4cdddaca00b.png,1734607213_1dacc31ce5aaa707910b.png,1734607213_7913366ca7d2575c8a49.png"
[Method: GET, Route: 1734607213_99931e6a93346260fbf1.png,1734607213_fb504cfcd4cdddaca00b.png,1734607213_1dacc31ce5aaa707910b.png,1734607213_7913366ca7d2575c8a49.png]
in SYSTEMPATH\Router\Router.php on line 737.
 1 SYSTEMPATH\Router\Router.php(204): CodeIgniter\Router\Router->checkDisallowedChars('1734607213_99931e6a93346260fbf1.png,1734607213_fb504cfcd4cdddaca00b.png,1734607213_1dacc31ce5aaa707910b.png,1734607213_7913366ca7d2575c8a49.png')
 2 SYSTEMPATH\CodeIgniter.php(834): CodeIgniter\Router\Router->handle('1734607213_99931e6a93346260fbf1.png,1734607213_fb504cfcd4cdddaca00b.png,1734607213_1dacc31ce5aaa707910b.png,1734607213_7913366ca7d2575c8a49.png')
 3 SYSTEMPATH\CodeIgniter.php(457): CodeIgniter\CodeIgniter->tryToRouteIt(Object(CodeIgniter\Router\RouteCollection))
 4 SYSTEMPATH\CodeIgniter.php(355): CodeIgniter\CodeIgniter->handleRequest(null, Object(Config\Cache), false)
 5 SYSTEMPATH\Boot.php(325): CodeIgniter\CodeIgniter->run()
 6 SYSTEMPATH\Boot.php(67): CodeIgniter\Boot::runCodeIgniter(Object(CodeIgniter\CodeIgniter))
 7 FCPATH\index.php(56): CodeIgniter\Boot::bootWeb(Object(Config\Paths))
CRITICAL - 2024-12-20 07:29:35 --> CodeIgniter\HTTP\Exceptions\BadRequestException: The URI you submitted has disallowed characters: "1734607213_99931e6a93346260fbf1.png,1734607213_fb504cfcd4cdddaca00b.png,1734607213_1dacc31ce5aaa707910b.png,1734607213_7913366ca7d2575c8a49.png"
[Method: GET, Route: 1734607213_99931e6a93346260fbf1.png,1734607213_fb504cfcd4cdddaca00b.png,1734607213_1dacc31ce5aaa707910b.png,1734607213_7913366ca7d2575c8a49.png]
in SYSTEMPATH\Router\Router.php on line 737.
 1 SYSTEMPATH\Router\Router.php(204): CodeIgniter\Router\Router->checkDisallowedChars('1734607213_99931e6a93346260fbf1.png,1734607213_fb504cfcd4cdddaca00b.png,1734607213_1dacc31ce5aaa707910b.png,1734607213_7913366ca7d2575c8a49.png')
 2 SYSTEMPATH\CodeIgniter.php(834): CodeIgniter\Router\Router->handle('1734607213_99931e6a93346260fbf1.png,1734607213_fb504cfcd4cdddaca00b.png,1734607213_1dacc31ce5aaa707910b.png,1734607213_7913366ca7d2575c8a49.png')
 3 SYSTEMPATH\CodeIgniter.php(457): CodeIgniter\CodeIgniter->tryToRouteIt(Object(CodeIgniter\Router\RouteCollection))
 4 SYSTEMPATH\CodeIgniter.php(355): CodeIgniter\CodeIgniter->handleRequest(null, Object(Config\Cache), false)
 5 SYSTEMPATH\Boot.php(325): CodeIgniter\CodeIgniter->run()
 6 SYSTEMPATH\Boot.php(67): CodeIgniter\Boot::runCodeIgniter(Object(CodeIgniter\CodeIgniter))
 7 FCPATH\index.php(56): CodeIgniter\Boot::bootWeb(Object(Config\Paths))
CRITICAL - 2024-12-20 07:29:42 --> CodeIgniter\HTTP\Exceptions\BadRequestException: The URI you submitted has disallowed characters: "1734607213_99931e6a93346260fbf1.png,1734607213_fb504cfcd4cdddaca00b.png,1734607213_1dacc31ce5aaa707910b.png,1734607213_7913366ca7d2575c8a49.png"
[Method: GET, Route: 1734607213_99931e6a93346260fbf1.png,1734607213_fb504cfcd4cdddaca00b.png,1734607213_1dacc31ce5aaa707910b.png,1734607213_7913366ca7d2575c8a49.png]
in SYSTEMPATH\Router\Router.php on line 737.
 1 SYSTEMPATH\Router\Router.php(204): CodeIgniter\Router\Router->checkDisallowedChars('1734607213_99931e6a93346260fbf1.png,1734607213_fb504cfcd4cdddaca00b.png,1734607213_1dacc31ce5aaa707910b.png,1734607213_7913366ca7d2575c8a49.png')
 2 SYSTEMPATH\CodeIgniter.php(834): CodeIgniter\Router\Router->handle('1734607213_99931e6a93346260fbf1.png,1734607213_fb504cfcd4cdddaca00b.png,1734607213_1dacc31ce5aaa707910b.png,1734607213_7913366ca7d2575c8a49.png')
 3 SYSTEMPATH\CodeIgniter.php(457): CodeIgniter\CodeIgniter->tryToRouteIt(Object(CodeIgniter\Router\RouteCollection))
 4 SYSTEMPATH\CodeIgniter.php(355): CodeIgniter\CodeIgniter->handleRequest(null, Object(Config\Cache), false)
 5 SYSTEMPATH\Boot.php(325): CodeIgniter\CodeIgniter->run()
 6 SYSTEMPATH\Boot.php(67): CodeIgniter\Boot::runCodeIgniter(Object(CodeIgniter\CodeIgniter))
 7 FCPATH\index.php(56): CodeIgniter\Boot::bootWeb(Object(Config\Paths))
CRITICAL - 2024-12-20 07:29:47 --> CodeIgniter\HTTP\Exceptions\BadRequestException: The URI you submitted has disallowed characters: "1734607213_99931e6a93346260fbf1.png,1734607213_fb504cfcd4cdddaca00b.png,1734607213_1dacc31ce5aaa707910b.png,1734607213_7913366ca7d2575c8a49.png"
[Method: GET, Route: 1734607213_99931e6a93346260fbf1.png,1734607213_fb504cfcd4cdddaca00b.png,1734607213_1dacc31ce5aaa707910b.png,1734607213_7913366ca7d2575c8a49.png]
in SYSTEMPATH\Router\Router.php on line 737.
 1 SYSTEMPATH\Router\Router.php(204): CodeIgniter\Router\Router->checkDisallowedChars('1734607213_99931e6a93346260fbf1.png,1734607213_fb504cfcd4cdddaca00b.png,1734607213_1dacc31ce5aaa707910b.png,1734607213_7913366ca7d2575c8a49.png')
 2 SYSTEMPATH\CodeIgniter.php(834): CodeIgniter\Router\Router->handle('1734607213_99931e6a93346260fbf1.png,1734607213_fb504cfcd4cdddaca00b.png,1734607213_1dacc31ce5aaa707910b.png,1734607213_7913366ca7d2575c8a49.png')
 3 SYSTEMPATH\CodeIgniter.php(457): CodeIgniter\CodeIgniter->tryToRouteIt(Object(CodeIgniter\Router\RouteCollection))
 4 SYSTEMPATH\CodeIgniter.php(355): CodeIgniter\CodeIgniter->handleRequest(null, Object(Config\Cache), false)
 5 SYSTEMPATH\Boot.php(325): CodeIgniter\CodeIgniter->run()
 6 SYSTEMPATH\Boot.php(67): CodeIgniter\Boot::runCodeIgniter(Object(CodeIgniter\CodeIgniter))
 7 FCPATH\index.php(56): CodeIgniter\Boot::bootWeb(Object(Config\Paths))
CRITICAL - 2024-12-20 07:30:43 --> CodeIgniter\HTTP\Exceptions\BadRequestException: The URI you submitted has disallowed characters: "1734607213_99931e6a93346260fbf1.png,1734607213_fb504cfcd4cdddaca00b.png,1734607213_1dacc31ce5aaa707910b.png,1734607213_7913366ca7d2575c8a49.png"
[Method: GET, Route: 1734607213_99931e6a93346260fbf1.png,1734607213_fb504cfcd4cdddaca00b.png,1734607213_1dacc31ce5aaa707910b.png,1734607213_7913366ca7d2575c8a49.png]
in SYSTEMPATH\Router\Router.php on line 737.
 1 SYSTEMPATH\Router\Router.php(204): CodeIgniter\Router\Router->checkDisallowedChars('1734607213_99931e6a93346260fbf1.png,1734607213_fb504cfcd4cdddaca00b.png,1734607213_1dacc31ce5aaa707910b.png,1734607213_7913366ca7d2575c8a49.png')
 2 SYSTEMPATH\CodeIgniter.php(834): CodeIgniter\Router\Router->handle('1734607213_99931e6a93346260fbf1.png,1734607213_fb504cfcd4cdddaca00b.png,1734607213_1dacc31ce5aaa707910b.png,1734607213_7913366ca7d2575c8a49.png')
 3 SYSTEMPATH\CodeIgniter.php(457): CodeIgniter\CodeIgniter->tryToRouteIt(Object(CodeIgniter\Router\RouteCollection))
 4 SYSTEMPATH\CodeIgniter.php(355): CodeIgniter\CodeIgniter->handleRequest(null, Object(Config\Cache), false)
 5 SYSTEMPATH\Boot.php(325): CodeIgniter\CodeIgniter->run()
 6 SYSTEMPATH\Boot.php(67): CodeIgniter\Boot::runCodeIgniter(Object(CodeIgniter\CodeIgniter))
 7 FCPATH\index.php(56): CodeIgniter\Boot::bootWeb(Object(Config\Paths))
