INFO - 2024-12-11 10:50:38 --> Session: Class initialized using 'CodeIgniter\Session\Handlers\FileHandler' driver.
INFO - 2024-12-11 10:50:54 --> Session: Class initialized using 'CodeIgniter\Session\Handlers\FileHandler' driver.
INFO - 2024-12-11 10:51:11 --> Session: Class initialized using 'CodeIgniter\Session\Handlers\FileHandler' driver.
INFO - 2024-12-11 10:53:36 --> Session: Class initialized using 'CodeIgniter\Session\Handlers\FileHandler' driver.
INFO - 2024-12-11 10:53:40 --> Session: Class initialized using 'CodeIgniter\Session\Handlers\FileHandler' driver.
INFO - 2024-12-11 10:53:43 --> Session: Class initialized using 'CodeIgniter\Session\Handlers\FileHandler' driver.
INFO - 2024-12-11 10:53:43 --> Session: Class initialized using 'CodeIgniter\Session\Handlers\FileHandler' driver.
INFO - 2024-12-11 10:53:44 --> Session: Class initialized using 'CodeIgniter\Session\Handlers\FileHandler' driver.
ERROR - 2024-12-11 10:53:52 --> mysqli_sql_exception: Column 'Productimage' cannot be null in C:\xampp\htdocs\dynamichumnafas\system\Database\MySQLi\Connection.php:312
Stack trace:
#0 C:\xampp\htdocs\dynamichumnafas\system\Database\MySQLi\Connection.php(312): mysqli->query('INSERT INTO `pr...', 0)
#1 C:\xampp\htdocs\dynamichumnafas\system\Database\BaseConnection.php(734): CodeIgniter\Database\MySQLi\Connection->execute('INSERT INTO `pr...')
#2 C:\xampp\htdocs\dynamichumnafas\system\Database\BaseConnection.php(648): CodeIgniter\Database\BaseConnection->simpleQuery('INSERT INTO `pr...')
#3 C:\xampp\htdocs\dynamichumnafas\system\Database\BaseBuilder.php(2340): CodeIgniter\Database\BaseConnection->query('INSERT INTO `pr...', Array, false)
#4 C:\xampp\htdocs\dynamichumnafas\system\Model.php(394): CodeIgniter\Database\BaseBuilder->insert()
#5 C:\xampp\htdocs\dynamichumnafas\system\BaseModel.php(840): CodeIgniter\Model->doInsert(Array)
#6 C:\xampp\htdocs\dynamichumnafas\system\Model.php(802): CodeIgniter\BaseModel->insert(Array, true)
#7 C:\xampp\htdocs\dynamichumnafas\app\Controllers\Excelcontroller.php(35): CodeIgniter\Model->insert(Array)
#8 C:\xampp\htdocs\dynamichumnafas\system\CodeIgniter.php(933): App\Controllers\Excelcontroller->import()
#9 C:\xampp\htdocs\dynamichumnafas\system\CodeIgniter.php(509): CodeIgniter\CodeIgniter->runController(Object(App\Controllers\Excelcontroller))
#10 C:\xampp\htdocs\dynamichumnafas\system\CodeIgniter.php(355): CodeIgniter\CodeIgniter->handleRequest(NULL, Object(Config\Cache), false)
#11 C:\xampp\htdocs\dynamichumnafas\system\Boot.php(325): CodeIgniter\CodeIgniter->run()
#12 C:\xampp\htdocs\dynamichumnafas\system\Boot.php(67): CodeIgniter\Boot::runCodeIgniter(Object(CodeIgniter\CodeIgniter))
#13 C:\xampp\htdocs\dynamichumnafas\index.php(56): CodeIgniter\Boot::bootWeb(Object(Config\Paths))
#14 {main}
CRITICAL - 2024-12-11 10:53:52 --> CodeIgniter\Database\Exceptions\DatabaseException: Column 'Productimage' cannot be null
[Method: POST, Route: excel-import/import]
in SYSTEMPATH\Database\BaseConnection.php on line 688.
 1 SYSTEMPATH\Database\BaseBuilder.php(2340): CodeIgniter\Database\BaseConnection->query('INSERT INTO `producttable` (`Productimage`, `category_id`, `collection`, `style_num`, `product_name`, `techinque`, `productprice`, `sale_price`, `colors`, `washinginstruction`, `fabricdetails`, `productdetails`, `deliverytimeline`) VALUES (:Productimage:, :category_id:, :collection:, :style_num:, :product_name:, :techinque:, :productprice:, :sale_price:, :colors:, :washinginstruction:, :fabricdetails:, :productdetails:, :deliverytimeline:)', [...], false)
 2 SYSTEMPATH\Model.php(394): CodeIgniter\Database\BaseBuilder->insert()
 3 SYSTEMPATH\BaseModel.php(840): CodeIgniter\Model->doInsert([...])
 4 SYSTEMPATH\Model.php(802): CodeIgniter\BaseModel->insert([...], true)
 5 APPPATH\Controllers\Excelcontroller.php(35): CodeIgniter\Model->insert([...])
 6 SYSTEMPATH\CodeIgniter.php(933): App\Controllers\Excelcontroller->import()
 7 SYSTEMPATH\CodeIgniter.php(509): CodeIgniter\CodeIgniter->runController(Object(App\Controllers\Excelcontroller))
 8 SYSTEMPATH\CodeIgniter.php(355): CodeIgniter\CodeIgniter->handleRequest(null, Object(Config\Cache), false)
 9 SYSTEMPATH\Boot.php(325): CodeIgniter\CodeIgniter->run()
10 SYSTEMPATH\Boot.php(67): CodeIgniter\Boot::runCodeIgniter(Object(CodeIgniter\CodeIgniter))
11 FCPATH\index.php(56): CodeIgniter\Boot::bootWeb(Object(Config\Paths))
CRITICAL - 2024-12-11 10:53:52 --> [Caused by] CodeIgniter\Database\Exceptions\DatabaseException: Column 'Productimage' cannot be null
in SYSTEMPATH\Database\MySQLi\Connection.php on line 317.
 1 SYSTEMPATH\Database\BaseConnection.php(734): CodeIgniter\Database\MySQLi\Connection->execute('INSERT INTO `producttable` (`Productimage`, `category_id`, `collection`, `style_num`, `product_name`, `techinque`, `productprice`, `sale_price`, `colors`, `washinginstruction`, `fabricdetails`, `productdetails`, `deliverytimeline`) VALUES (NULL, \'Saree\', \'Maharani\', \'SA123400\', \'Fuschia pink Katan Silk Banarsi Saree\', \'Katan silk\', \'₹15,210.00\', \'₹4,225.00\', \'fuschia pink\', \'Dry Cleaning Only\', \'Pure Satin Silk\', \'Handwoven Pure silk Banarsi saree\', \'20 days\')')
 2 SYSTEMPATH\Database\BaseConnection.php(648): CodeIgniter\Database\BaseConnection->simpleQuery('INSERT INTO `producttable` (`Productimage`, `category_id`, `collection`, `style_num`, `product_name`, `techinque`, `productprice`, `sale_price`, `colors`, `washinginstruction`, `fabricdetails`, `productdetails`, `deliverytimeline`) VALUES (NULL, \'Saree\', \'Maharani\', \'SA123400\', \'Fuschia pink Katan Silk Banarsi Saree\', \'Katan silk\', \'₹15,210.00\', \'₹4,225.00\', \'fuschia pink\', \'Dry Cleaning Only\', \'Pure Satin Silk\', \'Handwoven Pure silk Banarsi saree\', \'20 days\')')
 3 SYSTEMPATH\Database\BaseBuilder.php(2340): CodeIgniter\Database\BaseConnection->query('INSERT INTO `producttable` (`Productimage`, `category_id`, `collection`, `style_num`, `product_name`, `techinque`, `productprice`, `sale_price`, `colors`, `washinginstruction`, `fabricdetails`, `productdetails`, `deliverytimeline`) VALUES (:Productimage:, :category_id:, :collection:, :style_num:, :product_name:, :techinque:, :productprice:, :sale_price:, :colors:, :washinginstruction:, :fabricdetails:, :productdetails:, :deliverytimeline:)', [...], false)
 4 SYSTEMPATH\Model.php(394): CodeIgniter\Database\BaseBuilder->insert()
 5 SYSTEMPATH\BaseModel.php(840): CodeIgniter\Model->doInsert([...])
 6 SYSTEMPATH\Model.php(802): CodeIgniter\BaseModel->insert([...], true)
 7 APPPATH\Controllers\Excelcontroller.php(35): CodeIgniter\Model->insert([...])
 8 SYSTEMPATH\CodeIgniter.php(933): App\Controllers\Excelcontroller->import()
 9 SYSTEMPATH\CodeIgniter.php(509): CodeIgniter\CodeIgniter->runController(Object(App\Controllers\Excelcontroller))
10 SYSTEMPATH\CodeIgniter.php(355): CodeIgniter\CodeIgniter->handleRequest(null, Object(Config\Cache), false)
11 SYSTEMPATH\Boot.php(325): CodeIgniter\CodeIgniter->run()
12 SYSTEMPATH\Boot.php(67): CodeIgniter\Boot::runCodeIgniter(Object(CodeIgniter\CodeIgniter))
13 FCPATH\index.php(56): CodeIgniter\Boot::bootWeb(Object(Config\Paths))
CRITICAL - 2024-12-11 10:53:52 --> [Caused by] mysqli_sql_exception: Column 'Productimage' cannot be null
in SYSTEMPATH\Database\MySQLi\Connection.php on line 312.
 1 SYSTEMPATH\Database\MySQLi\Connection.php(312): mysqli->query('INSERT INTO `producttable` (`Productimage`, `category_id`, `collection`, `style_num`, `product_name`, `techinque`, `productprice`, `sale_price`, `colors`, `washinginstruction`, `fabricdetails`, `productdetails`, `deliverytimeline`) VALUES (NULL, \'Saree\', \'Maharani\', \'SA123400\', \'Fuschia pink Katan Silk Banarsi Saree\', \'Katan silk\', \'₹15,210.00\', \'₹4,225.00\', \'fuschia pink\', \'Dry Cleaning Only\', \'Pure Satin Silk\', \'Handwoven Pure silk Banarsi saree\', \'20 days\')', 0)
 2 SYSTEMPATH\Database\BaseConnection.php(734): CodeIgniter\Database\MySQLi\Connection->execute('INSERT INTO `producttable` (`Productimage`, `category_id`, `collection`, `style_num`, `product_name`, `techinque`, `productprice`, `sale_price`, `colors`, `washinginstruction`, `fabricdetails`, `productdetails`, `deliverytimeline`) VALUES (NULL, \'Saree\', \'Maharani\', \'SA123400\', \'Fuschia pink Katan Silk Banarsi Saree\', \'Katan silk\', \'₹15,210.00\', \'₹4,225.00\', \'fuschia pink\', \'Dry Cleaning Only\', \'Pure Satin Silk\', \'Handwoven Pure silk Banarsi saree\', \'20 days\')')
 3 SYSTEMPATH\Database\BaseConnection.php(648): CodeIgniter\Database\BaseConnection->simpleQuery('INSERT INTO `producttable` (`Productimage`, `category_id`, `collection`, `style_num`, `product_name`, `techinque`, `productprice`, `sale_price`, `colors`, `washinginstruction`, `fabricdetails`, `productdetails`, `deliverytimeline`) VALUES (NULL, \'Saree\', \'Maharani\', \'SA123400\', \'Fuschia pink Katan Silk Banarsi Saree\', \'Katan silk\', \'₹15,210.00\', \'₹4,225.00\', \'fuschia pink\', \'Dry Cleaning Only\', \'Pure Satin Silk\', \'Handwoven Pure silk Banarsi saree\', \'20 days\')')
 4 SYSTEMPATH\Database\BaseBuilder.php(2340): CodeIgniter\Database\BaseConnection->query('INSERT INTO `producttable` (`Productimage`, `category_id`, `collection`, `style_num`, `product_name`, `techinque`, `productprice`, `sale_price`, `colors`, `washinginstruction`, `fabricdetails`, `productdetails`, `deliverytimeline`) VALUES (:Productimage:, :category_id:, :collection:, :style_num:, :product_name:, :techinque:, :productprice:, :sale_price:, :colors:, :washinginstruction:, :fabricdetails:, :productdetails:, :deliverytimeline:)', [...], false)
 5 SYSTEMPATH\Model.php(394): CodeIgniter\Database\BaseBuilder->insert()
 6 SYSTEMPATH\BaseModel.php(840): CodeIgniter\Model->doInsert([...])
 7 SYSTEMPATH\Model.php(802): CodeIgniter\BaseModel->insert([...], true)
 8 APPPATH\Controllers\Excelcontroller.php(35): CodeIgniter\Model->insert([...])
 9 SYSTEMPATH\CodeIgniter.php(933): App\Controllers\Excelcontroller->import()
10 SYSTEMPATH\CodeIgniter.php(509): CodeIgniter\CodeIgniter->runController(Object(App\Controllers\Excelcontroller))
11 SYSTEMPATH\CodeIgniter.php(355): CodeIgniter\CodeIgniter->handleRequest(null, Object(Config\Cache), false)
12 SYSTEMPATH\Boot.php(325): CodeIgniter\CodeIgniter->run()
13 SYSTEMPATH\Boot.php(67): CodeIgniter\Boot::runCodeIgniter(Object(CodeIgniter\CodeIgniter))
14 FCPATH\index.php(56): CodeIgniter\Boot::bootWeb(Object(Config\Paths))
ERROR - 2024-12-11 11:09:56 --> mysqli_sql_exception: Column 'Productimage' cannot be null in C:\xampp\htdocs\dynamichumnafas\system\Database\MySQLi\Connection.php:312
Stack trace:
#0 C:\xampp\htdocs\dynamichumnafas\system\Database\MySQLi\Connection.php(312): mysqli->query('INSERT INTO `pr...', 0)
#1 C:\xampp\htdocs\dynamichumnafas\system\Database\BaseConnection.php(734): CodeIgniter\Database\MySQLi\Connection->execute('INSERT INTO `pr...')
#2 C:\xampp\htdocs\dynamichumnafas\system\Database\BaseConnection.php(648): CodeIgniter\Database\BaseConnection->simpleQuery('INSERT INTO `pr...')
#3 C:\xampp\htdocs\dynamichumnafas\system\Database\BaseBuilder.php(2340): CodeIgniter\Database\BaseConnection->query('INSERT INTO `pr...', Array, false)
#4 C:\xampp\htdocs\dynamichumnafas\system\Model.php(394): CodeIgniter\Database\BaseBuilder->insert()
#5 C:\xampp\htdocs\dynamichumnafas\system\BaseModel.php(840): CodeIgniter\Model->doInsert(Array)
#6 C:\xampp\htdocs\dynamichumnafas\system\Model.php(802): CodeIgniter\BaseModel->insert(Array, true)
#7 C:\xampp\htdocs\dynamichumnafas\app\Controllers\Excelcontroller.php(35): CodeIgniter\Model->insert(Array)
#8 C:\xampp\htdocs\dynamichumnafas\system\CodeIgniter.php(933): App\Controllers\Excelcontroller->import()
#9 C:\xampp\htdocs\dynamichumnafas\system\CodeIgniter.php(509): CodeIgniter\CodeIgniter->runController(Object(App\Controllers\Excelcontroller))
#10 C:\xampp\htdocs\dynamichumnafas\system\CodeIgniter.php(355): CodeIgniter\CodeIgniter->handleRequest(NULL, Object(Config\Cache), false)
#11 C:\xampp\htdocs\dynamichumnafas\system\Boot.php(325): CodeIgniter\CodeIgniter->run()
#12 C:\xampp\htdocs\dynamichumnafas\system\Boot.php(67): CodeIgniter\Boot::runCodeIgniter(Object(CodeIgniter\CodeIgniter))
#13 C:\xampp\htdocs\dynamichumnafas\index.php(56): CodeIgniter\Boot::bootWeb(Object(Config\Paths))
#14 {main}
CRITICAL - 2024-12-11 11:09:56 --> CodeIgniter\Database\Exceptions\DatabaseException: Column 'Productimage' cannot be null
[Method: POST, Route: excel-import/import]
in SYSTEMPATH\Database\BaseConnection.php on line 688.
 1 SYSTEMPATH\Database\BaseBuilder.php(2340): CodeIgniter\Database\BaseConnection->query('INSERT INTO `producttable` (`Productimage`, `category_id`, `collection`, `style_num`, `product_name`, `techinque`, `productprice`, `sale_price`, `colors`, `washinginstruction`, `fabricdetails`, `productdetails`, `deliverytimeline`) VALUES (:Productimage:, :category_id:, :collection:, :style_num:, :product_name:, :techinque:, :productprice:, :sale_price:, :colors:, :washinginstruction:, :fabricdetails:, :productdetails:, :deliverytimeline:)', [...], false)
 2 SYSTEMPATH\Model.php(394): CodeIgniter\Database\BaseBuilder->insert()
 3 SYSTEMPATH\BaseModel.php(840): CodeIgniter\Model->doInsert([...])
 4 SYSTEMPATH\Model.php(802): CodeIgniter\BaseModel->insert([...], true)
 5 APPPATH\Controllers\Excelcontroller.php(35): CodeIgniter\Model->insert([...])
 6 SYSTEMPATH\CodeIgniter.php(933): App\Controllers\Excelcontroller->import()
 7 SYSTEMPATH\CodeIgniter.php(509): CodeIgniter\CodeIgniter->runController(Object(App\Controllers\Excelcontroller))
 8 SYSTEMPATH\CodeIgniter.php(355): CodeIgniter\CodeIgniter->handleRequest(null, Object(Config\Cache), false)
 9 SYSTEMPATH\Boot.php(325): CodeIgniter\CodeIgniter->run()
10 SYSTEMPATH\Boot.php(67): CodeIgniter\Boot::runCodeIgniter(Object(CodeIgniter\CodeIgniter))
11 FCPATH\index.php(56): CodeIgniter\Boot::bootWeb(Object(Config\Paths))
CRITICAL - 2024-12-11 11:09:56 --> [Caused by] CodeIgniter\Database\Exceptions\DatabaseException: Column 'Productimage' cannot be null
in SYSTEMPATH\Database\MySQLi\Connection.php on line 317.
 1 SYSTEMPATH\Database\BaseConnection.php(734): CodeIgniter\Database\MySQLi\Connection->execute('INSERT INTO `producttable` (`Productimage`, `category_id`, `collection`, `style_num`, `product_name`, `techinque`, `productprice`, `sale_price`, `colors`, `washinginstruction`, `fabricdetails`, `productdetails`, `deliverytimeline`) VALUES (NULL, \'Saree\', \'Maharani\', \'SA123400\', \'Fuschia pink Katan Silk Banarsi Saree\', \'Katan silk\', \'₹15,210.00\', \'₹4,225.00\', \'fuschia pink\', \'Dry Cleaning Only\', \'Pure Satin Silk\', \'Handwoven Pure silk Banarsi saree\', \'20 days\')')
 2 SYSTEMPATH\Database\BaseConnection.php(648): CodeIgniter\Database\BaseConnection->simpleQuery('INSERT INTO `producttable` (`Productimage`, `category_id`, `collection`, `style_num`, `product_name`, `techinque`, `productprice`, `sale_price`, `colors`, `washinginstruction`, `fabricdetails`, `productdetails`, `deliverytimeline`) VALUES (NULL, \'Saree\', \'Maharani\', \'SA123400\', \'Fuschia pink Katan Silk Banarsi Saree\', \'Katan silk\', \'₹15,210.00\', \'₹4,225.00\', \'fuschia pink\', \'Dry Cleaning Only\', \'Pure Satin Silk\', \'Handwoven Pure silk Banarsi saree\', \'20 days\')')
 3 SYSTEMPATH\Database\BaseBuilder.php(2340): CodeIgniter\Database\BaseConnection->query('INSERT INTO `producttable` (`Productimage`, `category_id`, `collection`, `style_num`, `product_name`, `techinque`, `productprice`, `sale_price`, `colors`, `washinginstruction`, `fabricdetails`, `productdetails`, `deliverytimeline`) VALUES (:Productimage:, :category_id:, :collection:, :style_num:, :product_name:, :techinque:, :productprice:, :sale_price:, :colors:, :washinginstruction:, :fabricdetails:, :productdetails:, :deliverytimeline:)', [...], false)
 4 SYSTEMPATH\Model.php(394): CodeIgniter\Database\BaseBuilder->insert()
 5 SYSTEMPATH\BaseModel.php(840): CodeIgniter\Model->doInsert([...])
 6 SYSTEMPATH\Model.php(802): CodeIgniter\BaseModel->insert([...], true)
 7 APPPATH\Controllers\Excelcontroller.php(35): CodeIgniter\Model->insert([...])
 8 SYSTEMPATH\CodeIgniter.php(933): App\Controllers\Excelcontroller->import()
 9 SYSTEMPATH\CodeIgniter.php(509): CodeIgniter\CodeIgniter->runController(Object(App\Controllers\Excelcontroller))
10 SYSTEMPATH\CodeIgniter.php(355): CodeIgniter\CodeIgniter->handleRequest(null, Object(Config\Cache), false)
11 SYSTEMPATH\Boot.php(325): CodeIgniter\CodeIgniter->run()
12 SYSTEMPATH\Boot.php(67): CodeIgniter\Boot::runCodeIgniter(Object(CodeIgniter\CodeIgniter))
13 FCPATH\index.php(56): CodeIgniter\Boot::bootWeb(Object(Config\Paths))
CRITICAL - 2024-12-11 11:09:56 --> [Caused by] mysqli_sql_exception: Column 'Productimage' cannot be null
in SYSTEMPATH\Database\MySQLi\Connection.php on line 312.
 1 SYSTEMPATH\Database\MySQLi\Connection.php(312): mysqli->query('INSERT INTO `producttable` (`Productimage`, `category_id`, `collection`, `style_num`, `product_name`, `techinque`, `productprice`, `sale_price`, `colors`, `washinginstruction`, `fabricdetails`, `productdetails`, `deliverytimeline`) VALUES (NULL, \'Saree\', \'Maharani\', \'SA123400\', \'Fuschia pink Katan Silk Banarsi Saree\', \'Katan silk\', \'₹15,210.00\', \'₹4,225.00\', \'fuschia pink\', \'Dry Cleaning Only\', \'Pure Satin Silk\', \'Handwoven Pure silk Banarsi saree\', \'20 days\')', 0)
 2 SYSTEMPATH\Database\BaseConnection.php(734): CodeIgniter\Database\MySQLi\Connection->execute('INSERT INTO `producttable` (`Productimage`, `category_id`, `collection`, `style_num`, `product_name`, `techinque`, `productprice`, `sale_price`, `colors`, `washinginstruction`, `fabricdetails`, `productdetails`, `deliverytimeline`) VALUES (NULL, \'Saree\', \'Maharani\', \'SA123400\', \'Fuschia pink Katan Silk Banarsi Saree\', \'Katan silk\', \'₹15,210.00\', \'₹4,225.00\', \'fuschia pink\', \'Dry Cleaning Only\', \'Pure Satin Silk\', \'Handwoven Pure silk Banarsi saree\', \'20 days\')')
 3 SYSTEMPATH\Database\BaseConnection.php(648): CodeIgniter\Database\BaseConnection->simpleQuery('INSERT INTO `producttable` (`Productimage`, `category_id`, `collection`, `style_num`, `product_name`, `techinque`, `productprice`, `sale_price`, `colors`, `washinginstruction`, `fabricdetails`, `productdetails`, `deliverytimeline`) VALUES (NULL, \'Saree\', \'Maharani\', \'SA123400\', \'Fuschia pink Katan Silk Banarsi Saree\', \'Katan silk\', \'₹15,210.00\', \'₹4,225.00\', \'fuschia pink\', \'Dry Cleaning Only\', \'Pure Satin Silk\', \'Handwoven Pure silk Banarsi saree\', \'20 days\')')
 4 SYSTEMPATH\Database\BaseBuilder.php(2340): CodeIgniter\Database\BaseConnection->query('INSERT INTO `producttable` (`Productimage`, `category_id`, `collection`, `style_num`, `product_name`, `techinque`, `productprice`, `sale_price`, `colors`, `washinginstruction`, `fabricdetails`, `productdetails`, `deliverytimeline`) VALUES (:Productimage:, :category_id:, :collection:, :style_num:, :product_name:, :techinque:, :productprice:, :sale_price:, :colors:, :washinginstruction:, :fabricdetails:, :productdetails:, :deliverytimeline:)', [...], false)
 5 SYSTEMPATH\Model.php(394): CodeIgniter\Database\BaseBuilder->insert()
 6 SYSTEMPATH\BaseModel.php(840): CodeIgniter\Model->doInsert([...])
 7 SYSTEMPATH\Model.php(802): CodeIgniter\BaseModel->insert([...], true)
 8 APPPATH\Controllers\Excelcontroller.php(35): CodeIgniter\Model->insert([...])
 9 SYSTEMPATH\CodeIgniter.php(933): App\Controllers\Excelcontroller->import()
10 SYSTEMPATH\CodeIgniter.php(509): CodeIgniter\CodeIgniter->runController(Object(App\Controllers\Excelcontroller))
11 SYSTEMPATH\CodeIgniter.php(355): CodeIgniter\CodeIgniter->handleRequest(null, Object(Config\Cache), false)
12 SYSTEMPATH\Boot.php(325): CodeIgniter\CodeIgniter->run()
13 SYSTEMPATH\Boot.php(67): CodeIgniter\Boot::runCodeIgniter(Object(CodeIgniter\CodeIgniter))
14 FCPATH\index.php(56): CodeIgniter\Boot::bootWeb(Object(Config\Paths))
